{"/Users/rigoroserocastillo/dev/personal-dev/yet-another-pokedex/src/components/pokemon/pokemon-evolution-chain/pokemon-evolution-chain.tsx": {"path":"/Users/rigoroserocastillo/dev/personal-dev/yet-another-pokedex/src/components/pokemon/pokemon-evolution-chain/pokemon-evolution-chain.tsx","statementMap":{"0":{"start":{"line":12,"column":2},"end":{"line":25,"column":null}},"1":{"start":{"line":19,"column":10},"end":{"line":22,"column":null}}},"fnMap":{"0":{"name":"PokemonEvolutionChain","decl":{"start":{"line":9,"column":24},"end":{"line":9,"column":46}},"loc":{"start":{"line":11,"column":31},"end":{"line":27,"column":null}},"line":11},"1":{"name":"(anonymous_1)","decl":{"start":{"line":18,"column":24},"end":{"line":18,"column":25}},"loc":{"start":{"line":19,"column":10},"end":{"line":22,"column":null}},"line":19}},"branchMap":{},"s":{"0":2,"1":6},"f":{"0":2,"1":6},"b":{},"meta":{"lastBranch":0,"lastFunction":2,"lastStatement":2,"seen":{"f:9:24:9:46":0,"s:12:2:25:Infinity":0,"f:18:24:18:25":1,"s:19:10:22:Infinity":1}}}
,"/Users/rigoroserocastillo/dev/personal-dev/yet-another-pokedex/src/components/pokemon/pokemon-image/pokemon-image.tsx": {"path":"/Users/rigoroserocastillo/dev/personal-dev/yet-another-pokedex/src/components/pokemon/pokemon-image/pokemon-image.tsx","statementMap":{"0":{"start":{"line":14,"column":2},"end":{"line":26,"column":null}}},"fnMap":{"0":{"name":"PokemonImage","decl":{"start":{"line":8,"column":24},"end":{"line":8,"column":37}},"loc":{"start":{"line":13,"column":22},"end":{"line":28,"column":null}},"line":13}},"branchMap":{},"s":{"0":1},"f":{"0":1},"b":{},"meta":{"lastBranch":0,"lastFunction":1,"lastStatement":1,"seen":{"f:8:24:8:37":0,"s:14:2:26:Infinity":0}}}
,"/Users/rigoroserocastillo/dev/personal-dev/yet-another-pokedex/src/components/pokemon/pokemon-individual-spec/pokemon-individual-spec.tsx": {"path":"/Users/rigoroserocastillo/dev/personal-dev/yet-another-pokedex/src/components/pokemon/pokemon-individual-spec/pokemon-individual-spec.tsx","statementMap":{"0":{"start":{"line":10,"column":2},"end":{"line":18,"column":null}}},"fnMap":{"0":{"name":"PokemonIndividualSpec","decl":{"start":{"line":6,"column":24},"end":{"line":6,"column":46}},"loc":{"start":{"line":9,"column":31},"end":{"line":20,"column":null}},"line":9}},"branchMap":{},"s":{"0":1},"f":{"0":1},"b":{},"meta":{"lastBranch":0,"lastFunction":1,"lastStatement":1,"seen":{"f:6:24:6:46":0,"s:10:2:18:Infinity":0}}}
,"/Users/rigoroserocastillo/dev/personal-dev/yet-another-pokedex/src/components/pokemon/pokemon-stats/pokemon-stats.tsx": {"path":"/Users/rigoroserocastillo/dev/personal-dev/yet-another-pokedex/src/components/pokemon/pokemon-stats/pokemon-stats.tsx","statementMap":{"0":{"start":{"line":6,"column":2},"end":{"line":25,"column":null}},"1":{"start":{"line":15,"column":10},"end":{"line":21,"column":null}}},"fnMap":{"0":{"name":"PokemonStats","decl":{"start":{"line":5,"column":9},"end":{"line":5,"column":22}},"loc":{"start":{"line":5,"column":52},"end":{"line":27,"column":null}},"line":5},"1":{"name":"(anonymous_1)","decl":{"start":{"line":14,"column":27},"end":{"line":14,"column":28}},"loc":{"start":{"line":14,"column":58},"end":{"line":23,"column":9}},"line":14}},"branchMap":{"0":{"loc":{"start":{"line":14,"column":10},"end":{"line":14,"column":23}},"type":"binary-expr","locations":[{"start":{"line":14,"column":10},"end":{"line":14,"column":19}},{"start":{"line":14,"column":19},"end":{"line":14,"column":23}}],"line":14}},"s":{"0":2,"1":6},"f":{"0":2,"1":6},"b":{"0":[2,0]},"meta":{"lastBranch":1,"lastFunction":2,"lastStatement":2,"seen":{"f:5:9:5:22":0,"s:6:2:25:Infinity":0,"b:14:10:14:19:14:19:14:23":0,"f:14:27:14:28":1,"s:15:10:21:Infinity":1}}}
}
